[getmarkcubanmemes.top/index.html]
[backblue.gif]
[fade.gif]
[index.html]
[getmarkcubanmemes.top/css/normalize.css]
[getmarkcubanmemes.top/css/components.css]
[getmarkcubanmemes.top/css/relume-template---sept-20-ecece4197fc38.css]
[ajax.googleapis.com/ajax/libs/webfont/1.6.26/webfont.js]
[use.typekit.net/tkq1swc.js]
[getmarkcubanmemes.top/images/favicon.png]
[getmarkcubanmemes.top/images/webclip.png]
[cdn.jsdelivr.net/npm/@finsweet/attributes-copyclip@1/copyclip.js]
[getmarkcubanmemes.top/images/T-Meme-Logo_1.webp]
[getmarkcubanmemes.top/images/T-Fight-Figure-3_1T-Fight-Figure-3.webp]
[getmarkcubanmemes.top/images/MarkCuban-fight-card-in-circle_1.webp]
[getmarkcubanmemes.top/images/MarkCubanCard_EnjoyMySneakers_Signiture-680_1.webp]
[getmarkcubanmemes.top/images/MarkCuban-favicon-256.png]
[getmarkcubanmemes.top/images/Tokenomics.png]
[getmarkcubanmemes.top/images/pinksale.avif]
[getmarkcubanmemes.top/images/dexview.png]
[getmarkcubanmemes.top/images/Community-top-image_1Community-top-image.webp]
[getmarkcubanmemes.top/fonts/icons8-twitterx-1.svg]
[getmarkcubanmemes.top/fonts/icon_chevron_up.svg]
[d3e54v103j8qbb.cloudfront.net/js/jquery-3.5.1.min.dc5e7f18c8520a.js]
[getmarkcubanmemes.top/index.html]
[getmarkcubanmemes.top/css/normalize.css]
[getmarkcubanmemes.top/css/components.css]
[getmarkcubanmemes.top/js/relume-template---sept-20-ecece4197fc38.js]
[getmarkcubanmemes.top/fonts/chevron-down.svg]
[getmarkcubanmemes.top/fonts/chevron-down-white.svg]
[getmarkcubanmemes.top/images/Grain_Latest.png]
[getmarkcubanmemes.top/fonts/Webflow-Background.svg]
[getmarkcubanmemes.top/images/Black-gold-wave_1Black-gold-wave.webp]
[getmarkcubanmemes.top/fonts/dt_signature.svg]
[getmarkcubanmemes.top/images/Grain_50p.png]
[getmarkcubanmemes.top/images/iStock-2156293682.jpg]
[getmarkcubanmemes.top/fonts/intothe-rainbow-9.svg]
[getmarkcubanmemes.top/images/MarkCuban-silhouette.png]
[getmarkcubanmemes.top/images/IMG_4923_clipped_rev_1.png]
[getmarkcubanmemes.top/fonts/rippling-target-2.svg]
[getmarkcubanmemes.top/images/stars-stripes-3_1stars-stripes-3.webp]
[getmarkcubanmemes.top/images/stars-stripes-2_1stars-stripes-2.webp]
[getmarkcubanmemes.top/images/Community5_1Community5.webp]
[getmarkcubanmemes.top/fonts/fa-regular-400.woff2]
[getmarkcubanmemes.top/fonts/fa-brands-400.woff2]
[getmarkcubanmemes.top/fonts/fa-solid-900.woff2]
[getmarkcubanmemes.top/css/relume-template---sept-20-ecece4197fc38.css]
[www.googletagmanager.com/gtm5445.html]
[getmarkcubanmemes.top/fonts/icons8-twitterx-1.svg]
[getmarkcubanmemes.top/fonts/icon_chevron_up.svg]
[getmarkcubanmemes.top/fonts/chevron-down.svg]
[getmarkcubanmemes.top/fonts/chevron-down-white.svg]
[getmarkcubanmemes.top/fonts/Webflow-Background.svg]
[getmarkcubanmemes.top/fonts/dt_signature.svg]
[getmarkcubanmemes.top/fonts/intothe-rainbow-9.svg]
[getmarkcubanmemes.top/fonts/rippling-target-2.svg]
